<?xml version="1.0" encoding="UTF-8"?>
<!-- Generated by org.testng.reporters.JUnitXMLReporter -->
<testsuite ignored="0" hostname="JB" failures="0" tests="10" name="Surefire test" time="20.013" errors="0" timestamp="2023-05-06T19:40:59 IST">
  <testcase classname="com.jala.selenium.framework.BaseTest" name="setUp" time="4.568"/>
  <testcase classname="com.jala.selenium.framework.BaseTest" name="setUp" time="2.831"/>
  <testcase classname="com.jala.testsuites.LoginTest" name="testLoginAdmin" time="0.388"/>
  <testcase classname="com.jala.selenium.framework.BaseTest" name="setUp" time="3.662"/>
  <testcase classname="com.jala.testsuites.LoginTest" name="testLoginAdmin" time="0.447"/>
  <testcase classname="com.jala.testsuites.MoreTest" name="testMoreAdmin" time="0.051"/>
  <testcase classname="com.jala.selenium.framework.BaseTest" name="setUp" time="3.612"/>
  <testcase classname="com.jala.testsuites.SearchTest" name="testSearchAdmin" time="0.0"/>
  <testcase classname="com.jala.selenium.framework.BaseTest" name="setUp" time="4.398"/>
  <testcase classname="com.jala.testsuites.UserTest" name="testSearchAdmin" time="0.0"/>
</testsuite> <!-- Surefire test -->
