<?xml version="1.0" encoding="UTF-8"?>
<testng-results ignored="0" total="10" passed="10" failed="0" skipped="0">
  <reporter-output>
  </reporter-output>
  <suite started-at="2023-05-06T19:40:39 IST" name="Surefire suite" finished-at="2023-05-06T19:40:59 IST" duration-ms="20013">
    <groups>
    </groups>
    <test started-at="2023-05-06T19:40:39 IST" name="Surefire test" finished-at="2023-05-06T19:40:59 IST" duration-ms="20013">
      <class name="com.jala.testsuites.SearchTest">
        <test-method signature="setUp()[pri:0, instance:com.jala.testsuites.SearchTest@4a94ee4]" started-at="2023-05-06T19:40:51 IST" name="setUp" finished-at="2023-05-06T19:40:55 IST" duration-ms="3612" status="PASS">
          <reporter-output>
          </reporter-output>
        </test-method> <!-- setUp -->
        <test-method signature="testSearchAdmin()[pri:0, instance:com.jala.testsuites.SearchTest@4a94ee4]" started-at="2023-05-06T19:40:55 IST" name="testSearchAdmin" finished-at="2023-05-06T19:40:55 IST" duration-ms="0" status="PASS">
          <reporter-output>
          </reporter-output>
        </test-method> <!-- testSearchAdmin -->
      </class> <!-- com.jala.testsuites.SearchTest -->
      <class name="com.jala.selenium.framework.BaseTest">
        <test-method signature="setUp()[pri:0, instance:com.jala.selenium.framework.BaseTest@6356695f]" started-at="2023-05-06T19:40:39 IST" name="setUp" finished-at="2023-05-06T19:40:44 IST" duration-ms="4568" status="PASS">
          <reporter-output>
          </reporter-output>
        </test-method> <!-- setUp -->
      </class> <!-- com.jala.selenium.framework.BaseTest -->
      <class name="com.jala.testsuites.LoginTest">
        <test-method signature="setUp()[pri:0, instance:com.jala.testsuites.LoginTest@79924b]" started-at="2023-05-06T19:40:44 IST" name="setUp" finished-at="2023-05-06T19:40:46 IST" duration-ms="2831" status="PASS">
          <reporter-output>
          </reporter-output>
        </test-method> <!-- setUp -->
        <test-method signature="testLoginAdmin()[pri:0, instance:com.jala.testsuites.LoginTest@79924b]" started-at="2023-05-06T19:40:46 IST" name="testLoginAdmin" finished-at="2023-05-06T19:40:47 IST" duration-ms="388" status="PASS">
          <reporter-output>
          </reporter-output>
        </test-method> <!-- testLoginAdmin -->
      </class> <!-- com.jala.testsuites.LoginTest -->
      <class name="com.jala.testsuites.UserTest">
        <test-method signature="setUp()[pri:0, instance:com.jala.testsuites.UserTest@4cc451f2]" started-at="2023-05-06T19:40:55 IST" name="setUp" finished-at="2023-05-06T19:40:59 IST" duration-ms="4398" status="PASS">
          <reporter-output>
          </reporter-output>
        </test-method> <!-- setUp -->
        <test-method signature="testSearchAdmin()[pri:0, instance:com.jala.testsuites.UserTest@4cc451f2]" started-at="2023-05-06T19:40:59 IST" name="testSearchAdmin" finished-at="2023-05-06T19:40:59 IST" duration-ms="0" status="PASS">
          <reporter-output>
          </reporter-output>
        </test-method> <!-- testSearchAdmin -->
      </class> <!-- com.jala.testsuites.UserTest -->
      <class name="com.jala.testsuites.MoreTest">
        <test-method signature="setUp()[pri:0, instance:com.jala.testsuites.MoreTest@7b9a4292]" started-at="2023-05-06T19:40:47 IST" name="setUp" finished-at="2023-05-06T19:40:50 IST" duration-ms="3662" status="PASS">
          <reporter-output>
          </reporter-output>
        </test-method> <!-- setUp -->
        <test-method signature="testLoginAdmin()[pri:0, instance:com.jala.testsuites.MoreTest@7b9a4292]" started-at="2023-05-06T19:40:50 IST" name="testLoginAdmin" finished-at="2023-05-06T19:40:51 IST" duration-ms="447" status="PASS">
          <reporter-output>
          </reporter-output>
        </test-method> <!-- testLoginAdmin -->
        <test-method signature="testMoreAdmin()[pri:0, instance:com.jala.testsuites.MoreTest@7b9a4292]" started-at="2023-05-06T19:40:51 IST" name="testMoreAdmin" finished-at="2023-05-06T19:40:51 IST" duration-ms="51" status="PASS">
          <reporter-output>
          </reporter-output>
        </test-method> <!-- testMoreAdmin -->
      </class> <!-- com.jala.testsuites.MoreTest -->
    </test> <!-- Surefire test -->
  </suite> <!-- Surefire suite -->
</testng-results>
