<?xml version="1.0" encoding="UTF-8"?>
<testng-results ignored="0" total="2" passed="2" failed="0" skipped="0">
  <reporter-output>
  </reporter-output>
  <suite started-at="2023-05-06T19:39:27 IST" name="Default suite" finished-at="2023-05-06T19:39:31 IST" duration-ms="3968">
    <groups>
    </groups>
    <test started-at="2023-05-06T19:39:27 IST" name="Default test" finished-at="2023-05-06T19:39:31 IST" duration-ms="3968">
      <class name="com.jala.testsuites.UserTest">
        <test-method signature="setUp()[pri:0, instance:com.jala.testsuites.UserTest@4e3958e7]" started-at="2023-05-06T19:39:27 IST" name="setUp" finished-at="2023-05-06T19:39:31 IST" duration-ms="3910" status="PASS">
          <reporter-output>
          </reporter-output>
        </test-method> <!-- setUp -->
        <test-method signature="testSearchAdmin()[pri:0, instance:com.jala.testsuites.UserTest@4e3958e7]" started-at="2023-05-06T19:39:31 IST" name="testSearchAdmin" finished-at="2023-05-06T19:39:31 IST" duration-ms="5" status="PASS">
          <reporter-output>
          </reporter-output>
        </test-method> <!-- testSearchAdmin -->
      </class> <!-- com.jala.testsuites.UserTest -->
    </test> <!-- Default test -->
  </suite> <!-- Default suite -->
</testng-results>
